[2023-06-15T11:54:33.077+0000] {taskinstance.py:1103} INFO - Dependencies all met for dep_context=non-requeueable deps ti=<TaskInstance: get_psql_data_send_s3.send_csv_s3 manual__2023-06-15T11:54:21.156846+00:00 [queued]>
[2023-06-15T11:54:33.106+0000] {taskinstance.py:1103} INFO - Dependencies all met for dep_context=requeueable deps ti=<TaskInstance: get_psql_data_send_s3.send_csv_s3 manual__2023-06-15T11:54:21.156846+00:00 [queued]>
[2023-06-15T11:54:33.109+0000] {taskinstance.py:1308} INFO - Starting attempt 1 of 1
[2023-06-15T11:54:33.142+0000] {taskinstance.py:1327} INFO - Executing <Task(PythonOperator): send_csv_s3> on 2023-06-15 11:54:21.156846+00:00
[2023-06-15T11:54:33.154+0000] {standard_task_runner.py:57} INFO - Started process 11903 to run task
[2023-06-15T11:54:33.173+0000] {standard_task_runner.py:84} INFO - Running: ['***', 'tasks', 'run', 'get_psql_data_send_s3', 'send_csv_s3', 'manual__2023-06-15T11:54:21.156846+00:00', '--job-id', '1739', '--raw', '--subdir', 'DAGS_FOLDER/data-university-from-api-dag/data_university_from_api_dag.py', '--cfg-path', '/tmp/tmpts2b6wo3']
[2023-06-15T11:54:33.180+0000] {standard_task_runner.py:85} INFO - Job 1739: Subtask send_csv_s3
[2023-06-15T11:54:33.291+0000] {task_command.py:410} INFO - Running <TaskInstance: get_psql_data_send_s3.send_csv_s3 manual__2023-06-15T11:54:21.156846+00:00 [running]> on host cd01a659cc96
[2023-06-15T11:54:33.471+0000] {taskinstance.py:1547} INFO - Exporting env vars: AIRFLOW_CTX_DAG_OWNER='***' AIRFLOW_CTX_DAG_ID='get_psql_data_send_s3' AIRFLOW_CTX_TASK_ID='send_csv_s3' AIRFLOW_CTX_EXECUTION_DATE='2023-06-15T11:54:21.156846+00:00' AIRFLOW_CTX_TRY_NUMBER='1' AIRFLOW_CTX_DAG_RUN_ID='manual__2023-06-15T11:54:21.156846+00:00'
[2023-06-15T11:54:34.064+0000] {taskinstance.py:1824} ERROR - Task failed with exception
Traceback (most recent call last):
  File "/home/airflow/.local/lib/python3.7/site-packages/airflow/operators/python.py", line 181, in execute
    return_value = self.execute_callable()
  File "/home/airflow/.local/lib/python3.7/site-packages/airflow/operators/python.py", line 198, in execute_callable
    return self.python_callable(*self.op_args, **self.op_kwargs)
  File "/opt/airflow/dags/data-university-from-api-dag/data_university_from_api_dag.py", line 185, in _send_csv_s3
    configurations["file_name"])
  File "/home/airflow/.local/lib/python3.7/site-packages/boto3/s3/inject.py", line 148, in upload_file
    callback=Callback,
  File "/home/airflow/.local/lib/python3.7/site-packages/boto3/s3/transfer.py", line 292, in upload_file
    future.result()
  File "/home/airflow/.local/lib/python3.7/site-packages/s3transfer/futures.py", line 103, in result
    return self._coordinator.result()
  File "/home/airflow/.local/lib/python3.7/site-packages/s3transfer/futures.py", line 266, in result
    raise self._exception
  File "/home/airflow/.local/lib/python3.7/site-packages/s3transfer/tasks.py", line 269, in _main
    self._submit(transfer_future=transfer_future, **kwargs)
  File "/home/airflow/.local/lib/python3.7/site-packages/s3transfer/upload.py", line 585, in _submit
    upload_input_manager.provide_transfer_size(transfer_future)
  File "/home/airflow/.local/lib/python3.7/site-packages/s3transfer/upload.py", line 244, in provide_transfer_size
    self._osutil.get_file_size(transfer_future.meta.call_args.fileobj)
  File "/home/airflow/.local/lib/python3.7/site-packages/s3transfer/utils.py", line 247, in get_file_size
    return os.path.getsize(filename)
  File "/usr/local/lib/python3.7/genericpath.py", line 50, in getsize
    return os.stat(filename).st_size
FileNotFoundError: [Errno 2] No such file or directory: '/tmp/csv/data_university.csv'
[2023-06-15T11:54:34.117+0000] {taskinstance.py:1350} INFO - Marking task as FAILED. dag_id=get_psql_data_send_s3, task_id=send_csv_s3, execution_date=20230615T115421, start_date=20230615T115433, end_date=20230615T115434
[2023-06-15T11:54:34.142+0000] {standard_task_runner.py:109} ERROR - Failed to execute job 1739 for task send_csv_s3 ([Errno 2] No such file or directory: '/tmp/csv/data_university.csv'; 11903)
[2023-06-15T11:54:34.191+0000] {local_task_job_runner.py:225} INFO - Task exited with return code 1
[2023-06-15T11:54:34.250+0000] {taskinstance.py:2651} INFO - 0 downstream tasks scheduled from follow-on schedule check
