[2024-02-19T22:18:46.619+0000] {taskinstance.py:1103} INFO - Dependencies all met for dep_context=non-requeueable deps ti=<TaskInstance: read_and_load_data_to_s3.send_csv_s3 manual__2024-02-19T22:18:38.297721+00:00 [queued]>
[2024-02-19T22:18:46.639+0000] {taskinstance.py:1103} INFO - Dependencies all met for dep_context=requeueable deps ti=<TaskInstance: read_and_load_data_to_s3.send_csv_s3 manual__2024-02-19T22:18:38.297721+00:00 [queued]>
[2024-02-19T22:18:46.641+0000] {taskinstance.py:1308} INFO - Starting attempt 1 of 1
[2024-02-19T22:18:46.676+0000] {taskinstance.py:1327} INFO - Executing <Task(PythonOperator): send_csv_s3> on 2024-02-19 22:18:38.297721+00:00
[2024-02-19T22:18:46.693+0000] {standard_task_runner.py:57} INFO - Started process 2458 to run task
[2024-02-19T22:18:46.749+0000] {standard_task_runner.py:84} INFO - Running: ['***', 'tasks', 'run', 'read_and_load_data_to_s3', 'send_csv_s3', 'manual__2024-02-19T22:18:38.297721+00:00', '--job-id', '295', '--raw', '--subdir', 'DAGS_FOLDER/energy-prod-cons-dag/data_energy_dag.py', '--cfg-path', '/tmp/tmpibimlgfx']
[2024-02-19T22:18:46.784+0000] {standard_task_runner.py:85} INFO - Job 295: Subtask send_csv_s3
[2024-02-19T22:18:46.978+0000] {task_command.py:410} INFO - Running <TaskInstance: read_and_load_data_to_s3.send_csv_s3 manual__2024-02-19T22:18:38.297721+00:00 [running]> on host 952b3f8a1a94
[2024-02-19T22:18:47.349+0000] {taskinstance.py:1547} INFO - Exporting env vars: AIRFLOW_CTX_DAG_OWNER='***' AIRFLOW_CTX_DAG_ID='read_and_load_data_to_s3' AIRFLOW_CTX_TASK_ID='send_csv_s3' AIRFLOW_CTX_EXECUTION_DATE='2024-02-19T22:18:38.297721+00:00' AIRFLOW_CTX_TRY_NUMBER='1' AIRFLOW_CTX_DAG_RUN_ID='manual__2024-02-19T22:18:38.297721+00:00'
[2024-02-19T22:18:47.874+0000] {taskinstance.py:1824} ERROR - Task failed with exception
Traceback (most recent call last):
  File "/home/airflow/.local/lib/python3.7/site-packages/airflow/operators/python.py", line 181, in execute
    return_value = self.execute_callable()
  File "/home/airflow/.local/lib/python3.7/site-packages/airflow/operators/python.py", line 198, in execute_callable
    return self.python_callable(*self.op_args, **self.op_kwargs)
  File "/opt/airflow/dags/energy-prod-cons-dag/data_energy_dag.py", line 493, in _send_csv_s3
    directory_path + file_name)
  File "/home/airflow/.local/lib/python3.7/site-packages/boto3/s3/inject.py", line 148, in upload_file
    callback=Callback,
  File "/home/airflow/.local/lib/python3.7/site-packages/boto3/s3/transfer.py", line 292, in upload_file
    future.result()
  File "/home/airflow/.local/lib/python3.7/site-packages/s3transfer/futures.py", line 103, in result
    return self._coordinator.result()
  File "/home/airflow/.local/lib/python3.7/site-packages/s3transfer/futures.py", line 266, in result
    raise self._exception
  File "/home/airflow/.local/lib/python3.7/site-packages/s3transfer/tasks.py", line 269, in _main
    self._submit(transfer_future=transfer_future, **kwargs)
  File "/home/airflow/.local/lib/python3.7/site-packages/s3transfer/upload.py", line 585, in _submit
    upload_input_manager.provide_transfer_size(transfer_future)
  File "/home/airflow/.local/lib/python3.7/site-packages/s3transfer/upload.py", line 244, in provide_transfer_size
    self._osutil.get_file_size(transfer_future.meta.call_args.fileobj)
  File "/home/airflow/.local/lib/python3.7/site-packages/s3transfer/utils.py", line 247, in get_file_size
    return os.path.getsize(filename)
  File "/usr/local/lib/python3.7/genericpath.py", line 50, in getsize
    return os.stat(filename).st_size
FileNotFoundError: [Errno 2] No such file or directory: '/tmp/csv_file/conso_energy_region.csv'
[2024-02-19T22:18:47.976+0000] {taskinstance.py:1350} INFO - Marking task as FAILED. dag_id=read_and_load_data_to_s3, task_id=send_csv_s3, execution_date=20240219T221838, start_date=20240219T221846, end_date=20240219T221847
[2024-02-19T22:18:48.018+0000] {standard_task_runner.py:109} ERROR - Failed to execute job 295 for task send_csv_s3 ([Errno 2] No such file or directory: '/tmp/csv_file/conso_energy_region.csv'; 2458)
[2024-02-19T22:18:48.080+0000] {local_task_job_runner.py:225} INFO - Task exited with return code 1
[2024-02-19T22:18:48.127+0000] {taskinstance.py:2651} INFO - 0 downstream tasks scheduled from follow-on schedule check
