[2023-06-14T20:36:27.839+0000] {taskinstance.py:1103} INFO - Dependencies all met for dep_context=non-requeueable deps ti=<TaskInstance: get_university_api_send_psql.send_to_postgresql manual__2023-06-14T20:35:53.741666+00:00 [queued]>
[2023-06-14T20:36:27.858+0000] {taskinstance.py:1103} INFO - Dependencies all met for dep_context=requeueable deps ti=<TaskInstance: get_university_api_send_psql.send_to_postgresql manual__2023-06-14T20:35:53.741666+00:00 [queued]>
[2023-06-14T20:36:27.859+0000] {taskinstance.py:1308} INFO - Starting attempt 1 of 1
[2023-06-14T20:36:27.884+0000] {taskinstance.py:1327} INFO - Executing <Task(PythonOperator): send_to_postgresql> on 2023-06-14 20:35:53.741666+00:00
[2023-06-14T20:36:27.897+0000] {standard_task_runner.py:57} INFO - Started process 10123 to run task
[2023-06-14T20:36:27.904+0000] {standard_task_runner.py:84} INFO - Running: ['***', 'tasks', 'run', 'get_university_api_send_psql', 'send_to_postgresql', 'manual__2023-06-14T20:35:53.741666+00:00', '--job-id', '1709', '--raw', '--subdir', 'DAGS_FOLDER/data-university-from-api-dag/data_university_from_api_dag.py', '--cfg-path', '/tmp/tmp4r_xaglp']
[2023-06-14T20:36:27.910+0000] {standard_task_runner.py:85} INFO - Job 1709: Subtask send_to_postgresql
[2023-06-14T20:36:28.000+0000] {task_command.py:410} INFO - Running <TaskInstance: get_university_api_send_psql.send_to_postgresql manual__2023-06-14T20:35:53.741666+00:00 [running]> on host cd01a659cc96
[2023-06-14T20:36:28.156+0000] {taskinstance.py:1547} INFO - Exporting env vars: AIRFLOW_CTX_DAG_OWNER='***' AIRFLOW_CTX_DAG_ID='get_university_api_send_psql' AIRFLOW_CTX_TASK_ID='send_to_postgresql' AIRFLOW_CTX_EXECUTION_DATE='2023-06-14T20:35:53.741666+00:00' AIRFLOW_CTX_TRY_NUMBER='1' AIRFLOW_CTX_DAG_RUN_ID='manual__2023-06-14T20:35:53.741666+00:00'
[2023-06-14T20:36:28.596+0000] {taskinstance.py:1824} ERROR - Task failed with exception
Traceback (most recent call last):
  File "/home/airflow/.local/lib/python3.7/site-packages/airflow/operators/python.py", line 181, in execute
    return_value = self.execute_callable()
  File "/home/airflow/.local/lib/python3.7/site-packages/airflow/operators/python.py", line 198, in execute_callable
    return self.python_callable(*self.op_args, **self.op_kwargs)
  File "/opt/airflow/dags/data-university-from-api-dag/data_university_from_api_dag.py", line 161, in _send_to_postgresql
    )""")
psycopg2.errors.InvalidTextRepresentation: malformed array literal: "None"
LINE 4: ...                  'None', 'None', 'None', 'None', 'None', 'N...
                                                             ^
DETAIL:  Array value must start with "{" or dimension information.

[2023-06-14T20:36:28.621+0000] {taskinstance.py:1350} INFO - Marking task as FAILED. dag_id=get_university_api_send_psql, task_id=send_to_postgresql, execution_date=20230614T203553, start_date=20230614T203627, end_date=20230614T203628
[2023-06-14T20:36:28.658+0000] {standard_task_runner.py:109} ERROR - Failed to execute job 1709 for task send_to_postgresql (malformed array literal: "None"
LINE 4: ...                  'None', 'None', 'None', 'None', 'None', 'N...
                                                             ^
DETAIL:  Array value must start with "{" or dimension information.
; 10123)
[2023-06-14T20:36:28.685+0000] {local_task_job_runner.py:225} INFO - Task exited with return code 1
[2023-06-14T20:36:28.774+0000] {taskinstance.py:2651} INFO - 0 downstream tasks scheduled from follow-on schedule check
